<?xml version="1.0" encoding="UTF-8"?>
<testng-results ignored="0" total="1" passed="1" failed="0" skipped="0">
  <reporter-output>
  </reporter-output>
  <suite started-at="2024-08-16T23:37:56 IST" name="Default suite" finished-at="2024-08-16T23:38:36 IST" duration-ms="40340">
    <groups>
    </groups>
    <test started-at="2024-08-16T23:37:56 IST" name="Default test" finished-at="2024-08-16T23:38:36 IST" duration-ms="40340">
      <class name="extra.DemoWebShopScenario">
        <test-method signature="sample()[pri:0, instance:extra.DemoWebShopScenario@3c19aaa5]" started-at="2024-08-16T23:37:56 IST" name="sample" finished-at="2024-08-16T23:38:36 IST" duration-ms="40216" status="PASS">
          <reporter-output>
          </reporter-output>
        </test-method> <!-- sample -->
      </class> <!-- extra.DemoWebShopScenario -->
    </test> <!-- Default test -->
  </suite> <!-- Default suite -->
</testng-results>
