<?xml version="1.0" encoding="UTF-8"?>
<testng-results ignored="0" total="1" passed="1" failed="0" skipped="0">
  <reporter-output>
  </reporter-output>
  <suite started-at="2024-11-27T19:18:10 IST" name="Default suite" finished-at="2024-11-27T19:18:28 IST" duration-ms="17798">
    <groups>
    </groups>
    <test started-at="2024-11-27T19:18:10 IST" name="Default test" finished-at="2024-11-27T19:18:28 IST" duration-ms="17798">
      <class name="selenium4.LearningMethodsOfActionsClass">
        <test-method is-config="true" signature="setUp()[pri:0, instance:selenium4.LearningMethodsOfActionsClass@71d44a3]" started-at="2024-11-27T19:18:10 IST" name="setUp" finished-at="2024-11-27T19:18:16 IST" duration-ms="5963" status="PASS">
          <reporter-output>
          </reporter-output>
        </test-method> <!-- setUp -->
        <test-method signature="writeAScriptToHAandleTheSliderEle()[pri:0, instance:selenium4.LearningMethodsOfActionsClass@71d44a3]" started-at="2024-11-27T19:18:16 IST" name="writeAScriptToHAandleTheSliderEle" finished-at="2024-11-27T19:18:27 IST" duration-ms="10295" status="PASS">
          <reporter-output>
          </reporter-output>
        </test-method> <!-- writeAScriptToHAandleTheSliderEle -->
        <test-method is-config="true" signature="tearDown()[pri:0, instance:selenium4.LearningMethodsOfActionsClass@71d44a3]" started-at="2024-11-27T19:18:27 IST" name="tearDown" finished-at="2024-11-27T19:18:28 IST" duration-ms="1160" status="PASS">
          <reporter-output>
          </reporter-output>
        </test-method> <!-- tearDown -->
      </class> <!-- selenium4.LearningMethodsOfActionsClass -->
    </test> <!-- Default test -->
  </suite> <!-- Default suite -->
</testng-results>
