<?xml version="1.0" encoding="UTF-8"?>
<!-- Generated by org.testng.reporters.JUnitXMLReporter -->
<testsuite ignored="1" hostname="Rohit" failures="0" tests="18" name="Test" time="32.931" errors="0" timestamp="2024-05-30T11:37:47 IST">
  <testcase classname="testngbasic.Implementation" name="loginToFacebook" time="6.017"/>
  <testcase classname="testngbasic.Implementation" name="loginToVtiger" time="13.228"/>
  <testcase classname="testngbasic.Group01" name="forgottenPwd" time="0.016"/>
  <testcase classname="testngbasic.Group01" name="login" time="0.0"/>
  <testcase classname="testngbasic.Group01" name="logout" time="0.0"/>
  <testcase classname="testngbasic.Group01" name="profile" time="0.015"/>
  <testcase classname="testngbasic.AnnotationsAndArguments" name="login" time="0.016"/>
  <testcase classname="testngbasic.AnnotationsAndArguments" name="home" time="0.016"/>
  <testcase classname="testngbasic.AnnotationsAndArguments" name="product" time="0.016"/>
  <testcase classname="testngbasic.AnnotationsAndArguments" name="payment" time="0.015"/>
  <testcase classname="testngbasic.AnnotationsAndArguments" name="logout" time="0.031"/>
  <testcase classname="testngbasic.AnnotationsAndArguments" name="logout" time="0.015"/>
  <testcase classname="testngbasic.Group03" name="payment" time="0.0"/>
  <testcase classname="testngbasic.Group03" name="product" time="0.015"/>
  <testcase classname="testngbasic.Group03" name="signup" time="0.0"/>
  <testcase classname="testngbasic.Group02" name="createNewAccount" time="0.015"/>
  <testcase classname="testngbasic.Group02" name="friendRequest" time="0.016"/>
  <testcase classname="testngbasic.Group02" name="home" time="0.015"/>
  <testcase classname="testngbasic.AnnotationsAndArguments" name="addToCart" time="0.0">
    <ignored/>
  </testcase> <!-- addToCart -->
</testsuite> <!-- Test -->
